<?xml version="1.0" encoding="UTF-8"?>
<testsuite xmlns:xsi="http://www.w3.org/2001/XMLSchema-instance" xsi:noNamespaceSchemaLocation="https://maven.apache.org/surefire/maven-surefire-plugin/xsd/surefire-test-report.xsd" version="3.0.2" name="com.example.student.StudentApplicationTests" time="6.861" tests="1" errors="0" skipped="0" failures="0">
  <properties>
[...]
</properties>
  <testcase name="contextLoads" classname="com.example.student.StudentApplicationTests" time="1.761">
    <system-out><![CDATA[16:12:27.231 [main] INFO org.springframework.test.context.support.AnnotationConfigContextLoaderUtils -- Could not detect default configuration classes for test class [com.example.student.StudentApplicationTests]: StudentApplicationTests does not declare any static, non-private, non-final, nested classes annotated with @Configuration.
16:12:27.433 [main] INFO org.springframework.boot.test.context.SpringBootTestContextBootstrapper -- Found @SpringBootConfiguration com.example.student.StudentApplication for test class com.example.student.StudentApplicationTests
16:12:27.704 [main] INFO org.springframework.boot.devtools.restart.RestartApplicationListener -- Restart disabled due to context in which it is running

  .   ____          _            __ _ _
 /\\ / ___'_ __ _ _(_)_ __  __ _ \ \ \ \
( ( )\___ | '_ | '_| | '_ \/ _` | \ \ \ \
 \\/  ___)| |_)| | | | | || (_| |  ) ) ) )
  '  |____| .__|_| |_|_| |_\__, | / / / /
 =========|_|==============|___/=/_/_/_/

 :: Spring Boot ::                (v3.5.0)

2025-05-31T16:12:28.157+05:30  INFO 15380 --- [student] [           main] c.e.student.StudentApplicationTests      : Starting StudentApplicationTests using Java 21.0.6 with PID 15380 (started by DELL in C:\Users\DELL\Downloads\student\student)
2025-05-31T16:12:28.159+05:30  INFO 15380 --- [student] [           main] c.e.student.StudentApplicationTests      : No active profile set, falling back to 1 default profile: "default"
2025-05-31T16:12:29.756+05:30  INFO 15380 --- [student] [           main] .s.d.r.c.RepositoryConfigurationDelegate : Bootstrapping Spring Data MongoDB repositories in DEFAULT mode.
2025-05-31T16:12:29.828+05:30  INFO 15380 --- [student] [           main] .s.d.r.c.RepositoryConfigurationDelegate : Finished Spring Data repository scanning in 61 ms. Found 1 MongoDB repository interface.
2025-05-31T16:12:30.589+05:30  INFO 15380 --- [student] [           main] org.mongodb.driver.client                : MongoClient with metadata {"driver": {"name": "mongo-java-driver|sync|spring-boot", "version": "5.4.0"}, "os": {"type": "Windows", "name": "Windows 10", "architecture": "amd64", "version": "10.0"}, "platform": "Java/Oracle Corporation/21.0.6+8-LTS-188"} created with settings MongoClientSettings{readPreference=primary, writeConcern=WriteConcern{w=null, wTimeout=null ms, journal=null}, retryWrites=true, retryReads=true, readConcern=ReadConcern{level=null}, credential=MongoCredential{mechanism=null, userName='adarsh', source='admin', password=<hidden>, mechanismProperties=<hidden>}, transportSettings=null, commandListeners=[], codecRegistry=ProvidersCodecRegistry{codecProviders=[ValueCodecProvider{}, BsonValueCodecProvider{}, DBRefCodecProvider{}, DBObjectCodecProvider{}, DocumentCodecProvider{}, CollectionCodecProvider{}, IterableCodecProvider{}, MapCodecProvider{}, GeoJsonCodecProvider{}, GridFSFileCodecProvider{}, Jsr310CodecProvider{}, JsonObjectCodecProvider{}, BsonCodecProvider{}, EnumCodecProvider{}, com.mongodb.client.model.mql.ExpressionCodecProvider@66a53104, com.mongodb.Jep395RecordCodecProvider@6d229b1c, com.mongodb.KotlinCodecProvider@6f825516]}, loggerSettings=LoggerSettings{maxDocumentLength=1000}, clusterSettings={hosts=[127.0.0.1:27017], srvHost=cluster0.lethy.mongodb.net, srvServiceName=mongodb, mode=MULTIPLE, requiredClusterType=REPLICA_SET, requiredReplicaSetName='atlas-u4mb2r-shard-0', serverSelector='null', clusterListeners='[]', serverSelectionTimeout='30000 ms', localThreshold='15 ms'}, socketSettings=SocketSettings{connectTimeoutMS=10000, readTimeoutMS=0, receiveBufferSize=0, proxySettings=ProxySettings{host=null, port=null, username=null, password=null}}, heartbeatSocketSettings=SocketSettings{connectTimeoutMS=10000, readTimeoutMS=10000, receiveBufferSize=0, proxySettings=ProxySettings{host=null, port=null, username=null, password=null}}, connectionPoolSettings=ConnectionPoolSettings{maxSize=100, minSize=0, maxWaitTimeMS=120000, maxConnectionLifeTimeMS=0, maxConnectionIdleTimeMS=0, maintenanceInitialDelayMS=0, maintenanceFrequencyMS=60000, connectionPoolListeners=[], maxConnecting=2}, serverSettings=ServerSettings{heartbeatFrequencyMS=10000, minHeartbeatFrequencyMS=500, serverMonitoringMode=AUTO, serverListeners='[]', serverMonitorListeners='[]'}, sslSettings=SslSettings{enabled=true, invalidHostNameAllowed=false, context=null}, applicationName='null', compressorList=[], uuidRepresentation=JAVA_LEGACY, serverApi=null, autoEncryptionSettings=null, dnsClient=null, inetAddressResolver=null, contextProvider=null, timeoutMS=null}
2025-05-31T16:12:30.642+05:30  INFO 15380 --- [student] [thy.mongodb.net] org.mongodb.driver.cluster               : Adding discovered server cluster0-shard-00-01.lethy.mongodb.net:27017 to client view of cluster
2025-05-31T16:12:30.704+05:30  INFO 15380 --- [student] [thy.mongodb.net] org.mongodb.driver.cluster               : Adding discovered server cluster0-shard-00-02.lethy.mongodb.net:27017 to client view of cluster
2025-05-31T16:12:30.708+05:30  INFO 15380 --- [student] [thy.mongodb.net] org.mongodb.driver.cluster               : Adding discovered server cluster0-shard-00-00.lethy.mongodb.net:27017 to client view of cluster
2025-05-31T16:12:30.788+05:30  WARN 15380 --- [student] [           main] o.s.data.convert.CustomConversions       : Registering converter from interface java.util.List to interface org.springframework.data.domain.Vector as reading converter although it doesn't convert from a store-supported type; You might want to check your annotation setup at the converter implementation
2025-05-31T16:12:30.936+05:30  WARN 15380 --- [student] [           main] o.s.data.convert.CustomConversions       : Registering converter from interface java.util.List to interface org.springframework.data.domain.Vector as reading converter although it doesn't convert from a store-supported type; You might want to check your annotation setup at the converter implementation
2025-05-31T16:12:32.051+05:30  INFO 15380 --- [student] [           main] c.e.student.StudentApplicationTests      : Started StudentApplicationTests in 4.362 seconds (process running for 6.208)
2025-05-31T16:12:32.758+05:30  INFO 15380 --- [student] [ngodb.net:27017] org.mongodb.driver.cluster               : Monitor thread successfully connected to server with description ServerDescription{address=cluster0-shard-00-01.lethy.mongodb.net:27017, type=REPLICA_SET_SECONDARY, cryptd=false, state=CONNECTED, ok=true, minWireVersion=0, maxWireVersion=25, maxDocumentSize=16777216, logicalSessionTimeoutMinutes=30, roundTripTimeNanos=542379000, minRoundTripTimeNanos=0, setName='atlas-u4mb2r-shard-0', canonicalAddress=cluster0-shard-00-01.lethy.mongodb.net:27017, hosts=[cluster0-shard-00-01.lethy.mongodb.net:27017, cluster0-shard-00-02.lethy.mongodb.net:27017, cluster0-shard-00-00.lethy.mongodb.net:27017], passives=[], arbiters=[], primary='cluster0-shard-00-02.lethy.mongodb.net:27017', tagSet=TagSet{[Tag{name='availabilityZone', value='aps1-az3'}, Tag{name='diskState', value='READY'}, Tag{name='nodeType', value='ELECTABLE'}, Tag{name='provider', value='AWS'}, Tag{name='region', value='AP_SOUTH_1'}, Tag{name='workloadType', value='OPERATIONAL'}]}, electionId=null, setVersion=340, topologyVersion=TopologyVersion{processId=683032804d59fee8d5cf62d6, counter=5}, lastWriteDate=Sat May 31 16:09:33 IST 2025, lastUpdateTimeNanos=8145543121700}
2025-05-31T16:12:32.758+05:30  INFO 15380 --- [student] [ngodb.net:27017] org.mongodb.driver.cluster               : Monitor thread successfully connected to server with description ServerDescription{address=cluster0-shard-00-02.lethy.mongodb.net:27017, type=REPLICA_SET_PRIMARY, cryptd=false, state=CONNECTED, ok=true, minWireVersion=0, maxWireVersion=25, maxDocumentSize=16777216, logicalSessionTimeoutMinutes=30, roundTripTimeNanos=540013800, minRoundTripTimeNanos=0, setName='atlas-u4mb2r-shard-0', canonicalAddress=cluster0-shard-00-02.lethy.mongodb.net:27017, hosts=[cluster0-shard-00-01.lethy.mongodb.net:27017, cluster0-shard-00-02.lethy.mongodb.net:27017, cluster0-shard-00-00.lethy.mongodb.net:27017], passives=[], arbiters=[], primary='cluster0-shard-00-02.lethy.mongodb.net:27017', tagSet=TagSet{[Tag{name='availabilityZone', value='aps1-az2'}, Tag{name='diskState', value='READY'}, Tag{name='nodeType', value='ELECTABLE'}, Tag{name='provider', value='AWS'}, Tag{name='region', value='AP_SOUTH_1'}, Tag{name='workloadType', value='OPERATIONAL'}]}, electionId=7fffffff0000000000000109, setVersion=340, topologyVersion=TopologyVersion{processId=68303036097052fe26f71a91, counter=9}, lastWriteDate=Sat May 31 16:09:33 IST 2025, lastUpdateTimeNanos=8145543255000}
2025-05-31T16:12:32.759+05:30  INFO 15380 --- [student] [ngodb.net:27017] org.mongodb.driver.cluster               : Monitor thread successfully connected to server with description ServerDescription{address=cluster0-shard-00-00.lethy.mongodb.net:27017, type=REPLICA_SET_SECONDARY, cryptd=false, state=CONNECTED, ok=true, minWireVersion=0, maxWireVersion=25, maxDocumentSize=16777216, logicalSessionTimeoutMinutes=30, roundTripTimeNanos=539935000, minRoundTripTimeNanos=0, setName='atlas-u4mb2r-shard-0', canonicalAddress=cluster0-shard-00-00.lethy.mongodb.net:27017, hosts=[cluster0-shard-00-01.lethy.mongodb.net:27017, cluster0-shard-00-02.lethy.mongodb.net:27017, cluster0-shard-00-00.lethy.mongodb.net:27017], passives=[], arbiters=[], primary='cluster0-shard-00-02.lethy.mongodb.net:27017', tagSet=TagSet{[Tag{name='availabilityZone', value='aps1-az1'}, Tag{name='diskState', value='READY'}, Tag{name='nodeType', value='ELECTABLE'}, Tag{name='provider', value='AWS'}, Tag{name='region', value='AP_SOUTH_1'}, Tag{name='workloadType', value='OPERATIONAL'}]}, electionId=null, setVersion=340, topologyVersion=TopologyVersion{processId=6830314bce74192c51fbe59a, counter=5}, lastWriteDate=Sat May 31 16:09:33 IST 2025, lastUpdateTimeNanos=8145543121600}
2025-05-31T16:12:32.763+05:30  INFO 15380 --- [student] [ngodb.net:27017] org.mongodb.driver.cluster               : Discovered replica set primary cluster0-shard-00-02.lethy.mongodb.net:27017 with max election id 7fffffff0000000000000109 and max set version 340
]]></system-out>
    <system-err><![CDATA[Mockito is currently self-attaching to enable the inline-mock-maker. This will no longer work in future releases of the JDK. Please add Mockito as an agent to your build as described in Mockito's documentation: https://javadoc.io/doc/org.mockito/mockito-core/latest/org.mockito/org/mockito/Mockito.html#0.3
WARNING: A Java agent has been loaded dynamically (C:\Users\DELL\.m2\repository\net\bytebuddy\byte-buddy-agent\1.17.5\byte-buddy-agent-1.17.5.jar)
WARNING: If a serviceability tool is in use, please run with -XX:+EnableDynamicAgentLoading to hide this warning
WARNING: If a serviceability tool is not in use, please run with -Djdk.instrument.traceUsage for more information
WARNING: Dynamic loading of agents will be disallowed by default in a future release
]]></system-err>
  </testcase>
</testsuite>